[?1049h[22;0;0t[?1h=[H[2J[?12l[?25h[?1000l[?1002l[?1003l[?1006l[?1005l(B[m[?12l[?25h[?1006l[?1000l[?1002l[?1003l[?2004l[1;1H[1;54r[>c[>q[1;1H[?1006h[?1002h[?25l[K
[K
[K
[K
[K
[K
[K
[K
[K
[K
[K
[K
[K
[K
[K
[K
[K
[K
[K
[K
[K
[K
[K
[K
[K
[K
[K
[K
[K
[K
[K
[K
[K
[K
[K
[K
[K
[K
[K
[K
[K
[K
[K
[K
[K
[K
[K
[K
[K
[K
[K
[K
[K[30m[42m
[0] 0:zsh*                                                              "Nicolette86132" 20:38 13-Jul-23(B[m[?12l[?25h[1;1H(B[m[?12l[?25h[?1006l[?1000l[?1002l[?1003l[?2004l[1;1H[1;54r[?7727h[1;1H[?1006h[?1002h[?25l[K
[K
[K
[K
[K
[K
[K
[K
[K
[K
[K
[K
[K
[K
[K
[K
[K
[K
[K
[K
[K
[K
[K
[K
[K
[K
[K
[K
[K
[K
[K
[K
[K
[K
[K
[K
[K
[K
[K
[K
[K
[K
[K
[K
[K
[K
[K
[K
[K
[K
[K
[K
[K[30m[42m
[0] 0:zsh*                                                              "Nicolette86132" 20:38 13-Jul-23(B[m[?12l[?25h[1;1H                                                                                                        [1;1H[?25l[?12l[?25h[1;53r[1;1H[2;53r[52S[1;1H[K[40m yibotian@Nicolette86132 [30m[44m ~ [49m[34m[39m [K[1;54r[1;32H[6 q[?12l[?25h[?2004hsshowkey -a[9Ds         [9D
[2 q[?12l[?25h[?2004lzsh: command not found: s
                                                                                                        [3;1H[?25l[?12l[?25h[1;53r[1;1H[4;53r[50S[3;1H[K[40m [31m✘[39m yibotian@Nicolette86132 [30m[44m ~ [49m[34m[39m [K[1;54r[3;34H[6 q[?12l[?25h[?2004heexit[3D[C[C[C[2 q[?12l[?25h
[?2004l