1689251887.238800 client started (51418): version 3.2a, socket /tmp/tmux-1000/default, protocol 8
1689251887.238815 on Linux 5.19.0-46-generic #47~22.04.1-Ubuntu SMP PREEMPT_DYNAMIC Wed Jun 21 15:35:31 UTC 2
1689251887.238842 using libevent 2.1.12-stable (poll); ncurses 6.3
1689251887.238852 flags are 0x18010000
1689251887.238856 socket is /tmp/tmux-1000/default
1689251887.238866 trying connect
1689251887.238879 connect failed: Connection refused
1689251887.238889 lock file is /tmp/tmux-1000/default.lock
1689251887.238930 flock succeeded
1689251887.238935 got lock (6)
1689251887.238942 trying connect
1689251887.238949 connect failed: Connection refused
1689251887.239047 add peer 0x55bd71ec05e0: 7 ((nil))
1689251887.239257 sending message 100 to peer 0x55bd71ec05e0 (4 bytes)
1689251887.239267 sending message 111 to peer 0x55bd71ec05e0 (8 bytes)
1689251887.239272 sending message 101 to peer 0x55bd71ec05e0 (15 bytes)
1689251887.239277 sending message 109 to peer 0x55bd71ec05e0 (4 bytes)
1689251887.239280 sending message 102 to peer 0x55bd71ec05e0 (11 bytes)
1689251887.239284 sending message 108 to peer 0x55bd71ec05e0 (15 bytes)
1689251887.239288 sending message 112 to peer 0x55bd71ec05e0 (58 bytes)
1689251887.239292 sending message 112 to peer 0x55bd71ec05e0 (5 bytes)
1689251887.239296 sending message 112 to peer 0x55bd71ec05e0 (5 bytes)
1689251887.239299 sending message 112 to peer 0x55bd71ec05e0 (6 bytes)
1689251887.239303 sending message 112 to peer 0x55bd71ec05e0 (6 bytes)
1689251887.239307 sending message 112 to peer 0x55bd71ec05e0 (11 bytes)
1689251887.239311 sending message 112 to peer 0x55bd71ec05e0 (10 bytes)
1689251887.239317 sending message 112 to peer 0x55bd71ec05e0 (13 bytes)
1689251887.239322 sending message 112 to peer 0x55bd71ec05e0 (14 bytes)
1689251887.239326 sending message 112 to peer 0x55bd71ec05e0 (19 bytes)
1689251887.239331 sending message 112 to peer 0x55bd71ec05e0 (11 bytes)
1689251887.239336 sending message 112 to peer 0x55bd71ec05e0 (10 bytes)
1689251887.239341 sending message 112 to peer 0x55bd71ec05e0 (15 bytes)
1689251887.239346 sending message 112 to peer 0x55bd71ec05e0 (21 bytes)
1689251887.239350 sending message 112 to peer 0x55bd71ec05e0 (13 bytes)
1689251887.239356 sending message 112 to peer 0x55bd71ec05e0 (7 bytes)
1689251887.239361 sending message 112 to peer 0x55bd71ec05e0 (13 bytes)
1689251887.239365 sending message 112 to peer 0x55bd71ec05e0 (7 bytes)
1689251887.239372 sending message 112 to peer 0x55bd71ec05e0 (13 bytes)
1689251887.239377 sending message 112 to peer 0x55bd71ec05e0 (9 bytes)
1689251887.239381 sending message 112 to peer 0x55bd71ec05e0 (21 bytes)
1689251887.239387 sending message 112 to peer 0x55bd71ec05e0 (13 bytes)
1689251887.239393 sending message 112 to peer 0x55bd71ec05e0 (9 bytes)
1689251887.239398 sending message 112 to peer 0x55bd71ec05e0 (16 bytes)
1689251887.239402 sending message 112 to peer 0x55bd71ec05e0 (13 bytes)
1689251887.239407 sending message 112 to peer 0x55bd71ec05e0 (9 bytes)
1689251887.239412 sending message 112 to peer 0x55bd71ec05e0 (9 bytes)
1689251887.239416 sending message 112 to peer 0x55bd71ec05e0 (12 bytes)
1689251887.239422 sending message 112 to peer 0x55bd71ec05e0 (8 bytes)
1689251887.239428 sending message 112 to peer 0x55bd71ec05e0 (8 bytes)
1689251887.239432 sending message 112 to peer 0x55bd71ec05e0 (13 bytes)
1689251887.239438 sending message 112 to peer 0x55bd71ec05e0 (7 bytes)
1689251887.239443 sending message 112 to peer 0x55bd71ec05e0 (7 bytes)
1689251887.239448 sending message 112 to peer 0x55bd71ec05e0 (9 bytes)
1689251887.239453 sending message 112 to peer 0x55bd71ec05e0 (9 bytes)
1689251887.239458 sending message 112 to peer 0x55bd71ec05e0 (15 bytes)
1689251887.239464 sending message 112 to peer 0x55bd71ec05e0 (13 bytes)
1689251887.239469 sending message 112 to peer 0x55bd71ec05e0 (12 bytes)
1689251887.239474 sending message 112 to peer 0x55bd71ec05e0 (8 bytes)
1689251887.239479 sending message 112 to peer 0x55bd71ec05e0 (14 bytes)
1689251887.239484 sending message 112 to peer 0x55bd71ec05e0 (11 bytes)
1689251887.239489 sending message 112 to peer 0x55bd71ec05e0 (9 bytes)
1689251887.239499 sending message 112 to peer 0x55bd71ec05e0 (10 bytes)
1689251887.239504 sending message 112 to peer 0x55bd71ec05e0 (10 bytes)
1689251887.239509 sending message 112 to peer 0x55bd71ec05e0 (10 bytes)
1689251887.239514 sending message 112 to peer 0x55bd71ec05e0 (10 bytes)
1689251887.239520 sending message 112 to peer 0x55bd71ec05e0 (11 bytes)
1689251887.239525 sending message 112 to peer 0x55bd71ec05e0 (12 bytes)
1689251887.239530 sending message 112 to peer 0x55bd71ec05e0 (12 bytes)
1689251887.239535 sending message 112 to peer 0x55bd71ec05e0 (12 bytes)
1689251887.239540 sending message 112 to peer 0x55bd71ec05e0 (12 bytes)
1689251887.239545 sending message 112 to peer 0x55bd71ec05e0 (12 bytes)
1689251887.239550 sending message 112 to peer 0x55bd71ec05e0 (11 bytes)
1689251887.239555 sending message 112 to peer 0x55bd71ec05e0 (11 bytes)
1689251887.239561 sending message 112 to peer 0x55bd71ec05e0 (12 bytes)
1689251887.239566 sending message 112 to peer 0x55bd71ec05e0 (12 bytes)
1689251887.239571 sending message 112 to peer 0x55bd71ec05e0 (12 bytes)
1689251887.239576 sending message 112 to peer 0x55bd71ec05e0 (12 bytes)
1689251887.239581 sending message 112 to peer 0x55bd71ec05e0 (12 bytes)
1689251887.239587 sending message 112 to peer 0x55bd71ec05e0 (9 bytes)
1689251887.239593 sending message 112 to peer 0x55bd71ec05e0 (12 bytes)
1689251887.239598 sending message 112 to peer 0x55bd71ec05e0 (13 bytes)
1689251887.239603 sending message 112 to peer 0x55bd71ec05e0 (13 bytes)
1689251887.239608 sending message 112 to peer 0x55bd71ec05e0 (13 bytes)
1689251887.239613 sending message 112 to peer 0x55bd71ec05e0 (13 bytes)
1689251887.239618 sending message 112 to peer 0x55bd71ec05e0 (13 bytes)
1689251887.239624 sending message 112 to peer 0x55bd71ec05e0 (8 bytes)
1689251887.239628 sending message 112 to peer 0x55bd71ec05e0 (11 bytes)
1689251887.239633 sending message 112 to peer 0x55bd71ec05e0 (11 bytes)
1689251887.239639 sending message 112 to peer 0x55bd71ec05e0 (11 bytes)
1689251887.239643 sending message 112 to peer 0x55bd71ec05e0 (12 bytes)
1689251887.239648 sending message 112 to peer 0x55bd71ec05e0 (12 bytes)
1689251887.239653 sending message 112 to peer 0x55bd71ec05e0 (12 bytes)
1689251887.239658 sending message 112 to peer 0x55bd71ec05e0 (12 bytes)
1689251887.239662 sending message 112 to peer 0x55bd71ec05e0 (13 bytes)
1689251887.239667 sending message 112 to peer 0x55bd71ec05e0 (13 bytes)
1689251887.239673 sending message 112 to peer 0x55bd71ec05e0 (13 bytes)
1689251887.239678 sending message 112 to peer 0x55bd71ec05e0 (8 bytes)
1689251887.239683 sending message 112 to peer 0x55bd71ec05e0 (13 bytes)
1689251887.239689 sending message 112 to peer 0x55bd71ec05e0 (13 bytes)
1689251887.239693 sending message 112 to peer 0x55bd71ec05e0 (13 bytes)
1689251887.239698 sending message 112 to peer 0x55bd71ec05e0 (13 bytes)
1689251887.239713 sending message 112 to peer 0x55bd71ec05e0 (13 bytes)
1689251887.239720 sending message 112 to peer 0x55bd71ec05e0 (12 bytes)
1689251887.239727 sending message 112 to peer 0x55bd71ec05e0 (12 bytes)
1689251887.239733 sending message 112 to peer 0x55bd71ec05e0 (12 bytes)
1689251887.239738 sending message 112 to peer 0x55bd71ec05e0 (12 bytes)
1689251887.239743 sending message 112 to peer 0x55bd71ec05e0 (13 bytes)
1689251887.239748 sending message 112 to peer 0x55bd71ec05e0 (8 bytes)
1689251887.239754 sending message 112 to peer 0x55bd71ec05e0 (13 bytes)
1689251887.239759 sending message 112 to peer 0x55bd71ec05e0 (13 bytes)
1689251887.239764 sending message 112 to peer 0x55bd71ec05e0 (13 bytes)
1689251887.239770 sending message 112 to peer 0x55bd71ec05e0 (13 bytes)
1689251887.239776 sending message 112 to peer 0x55bd71ec05e0 (13 bytes)
1689251887.239780 sending message 112 to peer 0x55bd71ec05e0 (13 bytes)
1689251887.239786 sending message 112 to peer 0x55bd71ec05e0 (13 bytes)
1689251887.239790 sending message 112 to peer 0x55bd71ec05e0 (12 bytes)
1689251887.239795 sending message 112 to peer 0x55bd71ec05e0 (12 bytes)
1689251887.239800 sending message 112 to peer 0x55bd71ec05e0 (12 bytes)
1689251887.239808 sending message 112 to peer 0x55bd71ec05e0 (8 bytes)
1689251887.239814 sending message 112 to peer 0x55bd71ec05e0 (12 bytes)
1689251887.239818 sending message 112 to peer 0x55bd71ec05e0 (13 bytes)
1689251887.239824 sending message 112 to peer 0x55bd71ec05e0 (13 bytes)
1689251887.239829 sending message 112 to peer 0x55bd71ec05e0 (13 bytes)
1689251887.239834 sending message 112 to peer 0x55bd71ec05e0 (13 bytes)
1689251887.239840 sending message 112 to peer 0x55bd71ec05e0 (13 bytes)
1689251887.239846 sending message 112 to peer 0x55bd71ec05e0 (13 bytes)
1689251887.239851 sending message 112 to peer 0x55bd71ec05e0 (13 bytes)
1689251887.239856 sending message 112 to peer 0x55bd71ec05e0 (13 bytes)
1689251887.239861 sending message 112 to peer 0x55bd71ec05e0 (12 bytes)
1689251887.239868 sending message 112 to peer 0x55bd71ec05e0 (10 bytes)
1689251887.239873 sending message 112 to peer 0x55bd71ec05e0 (12 bytes)
1689251887.239878 sending message 112 to peer 0x55bd71ec05e0 (12 bytes)
1689251887.239884 sending message 112 to peer 0x55bd71ec05e0 (12 bytes)
1689251887.239889 sending message 112 to peer 0x55bd71ec05e0 (13 bytes)
1689251887.239893 sending message 112 to peer 0x55bd71ec05e0 (13 bytes)
1689251887.239900 sending message 112 to peer 0x55bd71ec05e0 (13 bytes)
1689251887.239906 sending message 112 to peer 0x55bd71ec05e0 (13 bytes)
1689251887.239910 sending message 112 to peer 0x55bd71ec05e0 (13 bytes)
1689251887.239916 sending message 112 to peer 0x55bd71ec05e0 (13 bytes)
1689251887.239920 sending message 112 to peer 0x55bd71ec05e0 (13 bytes)
1689251887.239925 sending message 112 to peer 0x55bd71ec05e0 (10 bytes)
1689251887.239932 sending message 112 to peer 0x55bd71ec05e0 (13 bytes)
1689251887.239937 sending message 112 to peer 0x55bd71ec05e0 (12 bytes)
1689251887.239942 sending message 112 to peer 0x55bd71ec05e0 (12 bytes)
1689251887.239947 sending message 112 to peer 0x55bd71ec05e0 (12 bytes)
1689251887.239953 sending message 112 to peer 0x55bd71ec05e0 (10 bytes)
1689251887.239957 sending message 112 to peer 0x55bd71ec05e0 (10 bytes)
1689251887.239964 sending message 112 to peer 0x55bd71ec05e0 (10 bytes)
1689251887.239969 sending message 112 to peer 0x55bd71ec05e0 (12 bytes)
1689251887.239973 sending message 112 to peer 0x55bd71ec05e0 (13 bytes)
1689251887.239981 sending message 112 to peer 0x55bd71ec05e0 (13 bytes)
1689251887.239987 sending message 112 to peer 0x55bd71ec05e0 (13 bytes)
1689251887.239991 sending message 112 to peer 0x55bd71ec05e0 (13 bytes)
1689251887.239996 sending message 112 to peer 0x55bd71ec05e0 (13 bytes)
1689251887.240001 sending message 112 to peer 0x55bd71ec05e0 (10 bytes)
1689251887.240006 sending message 112 to peer 0x55bd71ec05e0 (11 bytes)
1689251887.240012 sending message 112 to peer 0x55bd71ec05e0 (12 bytes)
1689251887.240017 sending message 112 to peer 0x55bd71ec05e0 (12 bytes)
1689251887.240022 sending message 112 to peer 0x55bd71ec05e0 (12 bytes)
1689251887.240027 sending message 112 to peer 0x55bd71ec05e0 (12 bytes)
1689251887.240033 sending message 112 to peer 0x55bd71ec05e0 (12 bytes)
1689251887.240037 sending message 112 to peer 0x55bd71ec05e0 (11 bytes)
1689251887.240043 sending message 112 to peer 0x55bd71ec05e0 (12 bytes)
1689251887.240048 sending message 112 to peer 0x55bd71ec05e0 (12 bytes)
1689251887.240053 sending message 112 to peer 0x55bd71ec05e0 (13 bytes)
1689251887.240058 sending message 112 to peer 0x55bd71ec05e0 (13 bytes)
1689251887.240063 sending message 112 to peer 0x55bd71ec05e0 (13 bytes)
1689251887.240069 sending message 112 to peer 0x55bd71ec05e0 (13 bytes)
1689251887.240074 sending message 112 to peer 0x55bd71ec05e0 (13 bytes)
1689251887.240079 sending message 112 to peer 0x55bd71ec05e0 (10 bytes)
1689251887.240084 sending message 112 to peer 0x55bd71ec05e0 (9 bytes)
1689251887.240089 sending message 112 to peer 0x55bd71ec05e0 (12 bytes)
1689251887.240094 sending message 112 to peer 0x55bd71ec05e0 (13 bytes)
1689251887.240099 sending message 112 to peer 0x55bd71ec05e0 (13 bytes)
1689251887.240103 sending message 112 to peer 0x55bd71ec05e0 (13 bytes)
1689251887.240111 sending message 112 to peer 0x55bd71ec05e0 (13 bytes)
1689251887.240118 sending message 112 to peer 0x55bd71ec05e0 (13 bytes)
1689251887.240123 sending message 112 to peer 0x55bd71ec05e0 (9 bytes)
1689251887.240128 sending message 112 to peer 0x55bd71ec05e0 (12 bytes)
1689251887.240133 sending message 112 to peer 0x55bd71ec05e0 (13 bytes)
1689251887.240138 sending message 112 to peer 0x55bd71ec05e0 (13 bytes)
1689251887.240143 sending message 112 to peer 0x55bd71ec05e0 (13 bytes)
1689251887.240149 sending message 112 to peer 0x55bd71ec05e0 (13 bytes)
1689251887.240155 sending message 112 to peer 0x55bd71ec05e0 (13 bytes)
1689251887.240160 sending message 112 to peer 0x55bd71ec05e0 (11 bytes)
1689251887.240165 sending message 112 to peer 0x55bd71ec05e0 (12 bytes)
1689251887.240170 sending message 112 to peer 0x55bd71ec05e0 (13 bytes)
1689251887.240175 sending message 112 to peer 0x55bd71ec05e0 (13 bytes)
1689251887.240181 sending message 112 to peer 0x55bd71ec05e0 (13 bytes)
1689251887.240184 sending message 112 to peer 0x55bd71ec05e0 (13 bytes)
1689251887.240189 sending message 112 to peer 0x55bd71ec05e0 (13 bytes)
1689251887.240194 sending message 112 to peer 0x55bd71ec05e0 (11 bytes)
1689251887.240201 sending message 112 to peer 0x55bd71ec05e0 (12 bytes)
1689251887.240208 sending message 112 to peer 0x55bd71ec05e0 (12 bytes)
1689251887.240215 sending message 112 to peer 0x55bd71ec05e0 (12 bytes)
1689251887.240220 sending message 112 to peer 0x55bd71ec05e0 (12 bytes)
1689251887.240225 sending message 112 to peer 0x55bd71ec05e0 (12 bytes)
1689251887.240230 sending message 112 to peer 0x55bd71ec05e0 (21 bytes)
1689251887.240234 sending message 112 to peer 0x55bd71ec05e0 (12 bytes)
1689251887.240240 sending message 112 to peer 0x55bd71ec05e0 (9 bytes)
1689251887.240246 sending message 112 to peer 0x55bd71ec05e0 (6 bytes)
1689251887.240250 sending message 112 to peer 0x55bd71ec05e0 (13 bytes)
1689251887.240256 sending message 112 to peer 0x55bd71ec05e0 (10 bytes)
1689251887.240262 sending message 112 to peer 0x55bd71ec05e0 (24 bytes)
1689251887.240266 sending message 112 to peer 0x55bd71ec05e0 (13 bytes)
1689251887.240270 sending message 112 to peer 0x55bd71ec05e0 (9 bytes)
1689251887.240276 sending message 112 to peer 0x55bd71ec05e0 (70 bytes)
1689251887.240281 sending message 112 to peer 0x55bd71ec05e0 (69 bytes)
1689251887.240286 sending message 112 to peer 0x55bd71ec05e0 (12 bytes)
1689251887.240292 sending message 112 to peer 0x55bd71ec05e0 (10 bytes)
1689251887.240297 sending message 112 to peer 0x55bd71ec05e0 (10 bytes)
1689251887.240302 sending message 112 to peer 0x55bd71ec05e0 (24 bytes)
1689251887.240308 sending message 112 to peer 0x55bd71ec05e0 (13 bytes)
1689251887.240313 sending message 112 to peer 0x55bd71ec05e0 (10 bytes)
1689251887.240318 sending message 112 to peer 0x55bd71ec05e0 (10 bytes)
1689251887.240324 sending message 112 to peer 0x55bd71ec05e0 (10 bytes)
1689251887.240328 sending message 112 to peer 0x55bd71ec05e0 (13 bytes)
1689251887.240334 sending message 112 to peer 0x55bd71ec05e0 (15 bytes)
1689251887.240339 sending message 112 to peer 0x55bd71ec05e0 (5 bytes)
1689251887.240344 sending message 104 to peer 0x55bd71ec05e0 (0 bytes)
1689251887.240351 sending message 110 to peer 0x55bd71ec05e0 (0 bytes)
1689251887.240356 sending message 107 to peer 0x55bd71ec05e0 (4 bytes)
1689251887.240360 sending message 105 to peer 0x55bd71ec05e0 (15 bytes)
1689251887.240366 sending message 105 to peer 0x55bd71ec05e0 (32 bytes)
1689251887.240371 sending message 105 to peer 0x55bd71ec05e0 (98 bytes)
1689251887.240378 sending message 105 to peer 0x55bd71ec05e0 (18 bytes)
1689251887.240383 sending message 105 to peer 0x55bd71ec05e0 (19 bytes)
1689251887.240389 sending message 105 to peer 0x55bd71ec05e0 (20 bytes)
1689251887.240394 sending message 105 to peer 0x55bd71ec05e0 (33 bytes)
1689251887.240399 sending message 105 to peer 0x55bd71ec05e0 (8 bytes)
1689251887.240404 sending message 105 to peer 0x55bd71ec05e0 (23 bytes)
1689251887.240409 sending message 105 to peer 0x55bd71ec05e0 (44 bytes)
1689251887.240417 sending message 105 to peer 0x55bd71ec05e0 (18 bytes)
1689251887.240422 sending message 105 to peer 0x55bd71ec05e0 (23 bytes)
1689251887.240426 sending message 105 to peer 0x55bd71ec05e0 (32 bytes)
1689251887.240431 sending message 105 to peer 0x55bd71ec05e0 (20 bytes)
1689251887.240436 sending message 105 to peer 0x55bd71ec05e0 (41 bytes)
1689251887.240440 sending message 105 to peer 0x55bd71ec05e0 (50 bytes)
1689251887.240446 sending message 105 to peer 0x55bd71ec05e0 (20 bytes)
1689251887.240451 sending message 105 to peer 0x55bd71ec05e0 (23 bytes)
1689251887.240456 sending message 105 to peer 0x55bd71ec05e0 (24 bytes)
1689251887.240462 sending message 105 to peer 0x55bd71ec05e0 (28 bytes)
1689251887.240467 sending message 105 to peer 0x55bd71ec05e0 (19 bytes)
1689251887.240474 sending message 105 to peer 0x55bd71ec05e0 (27 bytes)
1689251887.240479 sending message 105 to peer 0x55bd71ec05e0 (17 bytes)
1689251887.240485 sending message 105 to peer 0x55bd71ec05e0 (25 bytes)
1689251887.240492 sending message 105 to peer 0x55bd71ec05e0 (22 bytes)
1689251887.240500 sending message 105 to peer 0x55bd71ec05e0 (54 bytes)
1689251887.240509 sending message 105 to peer 0x55bd71ec05e0 (20 bytes)
1689251887.240517 sending message 105 to peer 0x55bd71ec05e0 (18 bytes)
1689251887.240527 sending message 105 to peer 0x55bd71ec05e0 (21 bytes)
1689251887.240535 sending message 105 to peer 0x55bd71ec05e0 (17 bytes)
1689251887.240544 sending message 105 to peer 0x55bd71ec05e0 (1519 bytes)
1689251887.240564 sending message 105 to peer 0x55bd71ec05e0 (33 bytes)
1689251887.240572 sending message 105 to peer 0x55bd71ec05e0 (28 bytes)
1689251887.240581 sending message 105 to peer 0x55bd71ec05e0 (26 bytes)
1689251887.240590 sending message 105 to peer 0x55bd71ec05e0 (33 bytes)
1689251887.240598 sending message 105 to peer 0x55bd71ec05e0 (13 bytes)
1689251887.240606 sending message 105 to peer 0x55bd71ec05e0 (34 bytes)
1689251887.240614 sending message 105 to peer 0x55bd71ec05e0 (47 bytes)
1689251887.240621 sending message 105 to peer 0x55bd71ec05e0 (23 bytes)
1689251887.240628 sending message 105 to peer 0x55bd71ec05e0 (15 bytes)
1689251887.240635 sending message 105 to peer 0x55bd71ec05e0 (23 bytes)
1689251887.240642 sending message 105 to peer 0x55bd71ec05e0 (34 bytes)
1689251887.240650 sending message 105 to peer 0x55bd71ec05e0 (23 bytes)
1689251887.240657 sending message 105 to peer 0x55bd71ec05e0 (20 bytes)
1689251887.240665 sending message 105 to peer 0x55bd71ec05e0 (30 bytes)
1689251887.240671 sending message 105 to peer 0x55bd71ec05e0 (30 bytes)
1689251887.240680 sending message 105 to peer 0x55bd71ec05e0 (32 bytes)
1689251887.240687 sending message 105 to peer 0x55bd71ec05e0 (14 bytes)
1689251887.240694 sending message 105 to peer 0x55bd71ec05e0 (15 bytes)
1689251887.240699 sending message 105 to peer 0x55bd71ec05e0 (11 bytes)
1689251887.240706 sending message 105 to peer 0x55bd71ec05e0 (8 bytes)
1689251887.240713 sending message 105 to peer 0x55bd71ec05e0 (11 bytes)
1689251887.240720 sending message 105 to peer 0x55bd71ec05e0 (25 bytes)
1689251887.240729 sending message 105 to peer 0x55bd71ec05e0 (18 bytes)
1689251887.240736 sending message 105 to peer 0x55bd71ec05e0 (27 bytes)
1689251887.240743 sending message 105 to peer 0x55bd71ec05e0 (13 bytes)
1689251887.240750 sending message 105 to peer 0x55bd71ec05e0 (33 bytes)
1689251887.240758 sending message 105 to peer 0x55bd71ec05e0 (31 bytes)
1689251887.240765 sending message 105 to peer 0x55bd71ec05e0 (20 bytes)
1689251887.240773 sending message 105 to peer 0x55bd71ec05e0 (22 bytes)
1689251887.240779 sending message 105 to peer 0x55bd71ec05e0 (34 bytes)
1689251887.240788 sending message 105 to peer 0x55bd71ec05e0 (104 bytes)
1689251887.240795 sending message 105 to peer 0x55bd71ec05e0 (18 bytes)
1689251887.240803 sending message 105 to peer 0x55bd71ec05e0 (54 bytes)
1689251887.240811 sending message 105 to peer 0x55bd71ec05e0 (35 bytes)
1689251887.240819 sending message 105 to peer 0x55bd71ec05e0 (23 bytes)
1689251887.240826 sending message 105 to peer 0x55bd71ec05e0 (22 bytes)
1689251887.240837 sending message 105 to peer 0x55bd71ec05e0 (31 bytes)
1689251887.240845 sending message 105 to peer 0x55bd71ec05e0 (16 bytes)
1689251887.240853 sending message 106 to peer 0x55bd71ec05e0 (0 bytes)
1689251887.240864 sending message 200 to peer 0x55bd71ec05e0 (4 bytes)
1689251887.240872 client loop enter
1689251887.240904 client_signal: Child exited
1689251887.302636 peer 0x55bd71ec05e0 message 207
1689251887.302664 sending message 208 to peer 0x55bd71ec05e0 (0 bytes)
1689251895.739624 peer 0x55bd71ec05e0 message 203
1689251895.739641 sending message 205 to peer 0x55bd71ec05e0 (0 bytes)
1689251895.739939 peer 0x55bd71ec05e0 message 204
1689251895.739969 client loop exit
