1689251904.777069 client started (51531): version 3.2a, socket /tmp/tmux-1000/default, protocol 8
1689251904.777123 on Linux 5.19.0-46-generic #47~22.04.1-Ubuntu SMP PREEMPT_DYNAMIC Wed Jun 21 15:35:31 UTC 2
1689251904.777128 using libevent 2.1.12-stable (poll); ncurses 6.3
1689251904.777138 flags are 0x18010000
1689251904.777159 socket is /tmp/tmux-1000/default
1689251904.777168 trying connect
1689251904.777178 connect failed: Connection refused
1689251904.777202 lock file is /tmp/tmux-1000/default.lock
1689251904.777219 flock succeeded
1689251904.777223 got lock (6)
1689251904.777229 trying connect
1689251904.777235 connect failed: Connection refused
1689251904.777336 add peer 0x55a434b825e0: 7 ((nil))
1689251904.777560 sending message 100 to peer 0x55a434b825e0 (4 bytes)
1689251904.777587 sending message 111 to peer 0x55a434b825e0 (8 bytes)
1689251904.777592 sending message 101 to peer 0x55a434b825e0 (15 bytes)
1689251904.777596 sending message 109 to peer 0x55a434b825e0 (4 bytes)
1689251904.777600 sending message 102 to peer 0x55a434b825e0 (11 bytes)
1689251904.777603 sending message 108 to peer 0x55a434b825e0 (15 bytes)
1689251904.777607 sending message 112 to peer 0x55a434b825e0 (58 bytes)
1689251904.777611 sending message 112 to peer 0x55a434b825e0 (5 bytes)
1689251904.777617 sending message 112 to peer 0x55a434b825e0 (5 bytes)
1689251904.777621 sending message 112 to peer 0x55a434b825e0 (6 bytes)
1689251904.777627 sending message 112 to peer 0x55a434b825e0 (6 bytes)
1689251904.777631 sending message 112 to peer 0x55a434b825e0 (11 bytes)
1689251904.777635 sending message 112 to peer 0x55a434b825e0 (10 bytes)
1689251904.777640 sending message 112 to peer 0x55a434b825e0 (13 bytes)
1689251904.777644 sending message 112 to peer 0x55a434b825e0 (14 bytes)
1689251904.777648 sending message 112 to peer 0x55a434b825e0 (19 bytes)
1689251904.777652 sending message 112 to peer 0x55a434b825e0 (11 bytes)
1689251904.777656 sending message 112 to peer 0x55a434b825e0 (10 bytes)
1689251904.777660 sending message 112 to peer 0x55a434b825e0 (15 bytes)
1689251904.777666 sending message 112 to peer 0x55a434b825e0 (21 bytes)
1689251904.777669 sending message 112 to peer 0x55a434b825e0 (13 bytes)
1689251904.777673 sending message 112 to peer 0x55a434b825e0 (7 bytes)
1689251904.777677 sending message 112 to peer 0x55a434b825e0 (13 bytes)
1689251904.777681 sending message 112 to peer 0x55a434b825e0 (7 bytes)
1689251904.777684 sending message 112 to peer 0x55a434b825e0 (13 bytes)
1689251904.777688 sending message 112 to peer 0x55a434b825e0 (9 bytes)
1689251904.777692 sending message 112 to peer 0x55a434b825e0 (21 bytes)
1689251904.777697 sending message 112 to peer 0x55a434b825e0 (13 bytes)
1689251904.777701 sending message 112 to peer 0x55a434b825e0 (9 bytes)
1689251904.777705 sending message 112 to peer 0x55a434b825e0 (16 bytes)
1689251904.777710 sending message 112 to peer 0x55a434b825e0 (13 bytes)
1689251904.777715 sending message 112 to peer 0x55a434b825e0 (9 bytes)
1689251904.777720 sending message 112 to peer 0x55a434b825e0 (9 bytes)
1689251904.777725 sending message 112 to peer 0x55a434b825e0 (12 bytes)
1689251904.777730 sending message 112 to peer 0x55a434b825e0 (8 bytes)
1689251904.777736 sending message 112 to peer 0x55a434b825e0 (8 bytes)
1689251904.777740 sending message 112 to peer 0x55a434b825e0 (13 bytes)
1689251904.777745 sending message 112 to peer 0x55a434b825e0 (7 bytes)
1689251904.777750 sending message 112 to peer 0x55a434b825e0 (7 bytes)
1689251904.777754 sending message 112 to peer 0x55a434b825e0 (9 bytes)
1689251904.777760 sending message 112 to peer 0x55a434b825e0 (9 bytes)
1689251904.777765 sending message 112 to peer 0x55a434b825e0 (15 bytes)
1689251904.777770 sending message 112 to peer 0x55a434b825e0 (13 bytes)
1689251904.777775 sending message 112 to peer 0x55a434b825e0 (12 bytes)
1689251904.777779 sending message 112 to peer 0x55a434b825e0 (8 bytes)
1689251904.777784 sending message 112 to peer 0x55a434b825e0 (14 bytes)
1689251904.777788 sending message 112 to peer 0x55a434b825e0 (11 bytes)
1689251904.777794 sending message 112 to peer 0x55a434b825e0 (9 bytes)
1689251904.777803 sending message 112 to peer 0x55a434b825e0 (10 bytes)
1689251904.777809 sending message 112 to peer 0x55a434b825e0 (10 bytes)
1689251904.777814 sending message 112 to peer 0x55a434b825e0 (10 bytes)
1689251904.777819 sending message 112 to peer 0x55a434b825e0 (10 bytes)
1689251904.777824 sending message 112 to peer 0x55a434b825e0 (11 bytes)
1689251904.777829 sending message 112 to peer 0x55a434b825e0 (12 bytes)
1689251904.777834 sending message 112 to peer 0x55a434b825e0 (12 bytes)
1689251904.777839 sending message 112 to peer 0x55a434b825e0 (12 bytes)
1689251904.777844 sending message 112 to peer 0x55a434b825e0 (12 bytes)
1689251904.777850 sending message 112 to peer 0x55a434b825e0 (12 bytes)
1689251904.777855 sending message 112 to peer 0x55a434b825e0 (11 bytes)
1689251904.777860 sending message 112 to peer 0x55a434b825e0 (11 bytes)
1689251904.777865 sending message 112 to peer 0x55a434b825e0 (12 bytes)
1689251904.777869 sending message 112 to peer 0x55a434b825e0 (12 bytes)
1689251904.777874 sending message 112 to peer 0x55a434b825e0 (12 bytes)
1689251904.777879 sending message 112 to peer 0x55a434b825e0 (12 bytes)
1689251904.777884 sending message 112 to peer 0x55a434b825e0 (12 bytes)
1689251904.777889 sending message 112 to peer 0x55a434b825e0 (9 bytes)
1689251904.777894 sending message 112 to peer 0x55a434b825e0 (12 bytes)
1689251904.777899 sending message 112 to peer 0x55a434b825e0 (13 bytes)
1689251904.777905 sending message 112 to peer 0x55a434b825e0 (13 bytes)
1689251904.777910 sending message 112 to peer 0x55a434b825e0 (13 bytes)
1689251904.777916 sending message 112 to peer 0x55a434b825e0 (13 bytes)
1689251904.777921 sending message 112 to peer 0x55a434b825e0 (13 bytes)
1689251904.777925 sending message 112 to peer 0x55a434b825e0 (8 bytes)
1689251904.777930 sending message 112 to peer 0x55a434b825e0 (11 bytes)
1689251904.777937 sending message 112 to peer 0x55a434b825e0 (11 bytes)
1689251904.777941 sending message 112 to peer 0x55a434b825e0 (11 bytes)
1689251904.777946 sending message 112 to peer 0x55a434b825e0 (12 bytes)
1689251904.777952 sending message 112 to peer 0x55a434b825e0 (12 bytes)
1689251904.777956 sending message 112 to peer 0x55a434b825e0 (12 bytes)
1689251904.777962 sending message 112 to peer 0x55a434b825e0 (12 bytes)
1689251904.777966 sending message 112 to peer 0x55a434b825e0 (13 bytes)
1689251904.777972 sending message 112 to peer 0x55a434b825e0 (13 bytes)
1689251904.777977 sending message 112 to peer 0x55a434b825e0 (13 bytes)
1689251904.777981 sending message 112 to peer 0x55a434b825e0 (8 bytes)
1689251904.777987 sending message 112 to peer 0x55a434b825e0 (13 bytes)
1689251904.777991 sending message 112 to peer 0x55a434b825e0 (13 bytes)
1689251904.777997 sending message 112 to peer 0x55a434b825e0 (13 bytes)
1689251904.778002 sending message 112 to peer 0x55a434b825e0 (13 bytes)
1689251904.778007 sending message 112 to peer 0x55a434b825e0 (13 bytes)
1689251904.778012 sending message 112 to peer 0x55a434b825e0 (12 bytes)
1689251904.778037 sending message 112 to peer 0x55a434b825e0 (12 bytes)
1689251904.778043 sending message 112 to peer 0x55a434b825e0 (12 bytes)
1689251904.778049 sending message 112 to peer 0x55a434b825e0 (12 bytes)
1689251904.778054 sending message 112 to peer 0x55a434b825e0 (13 bytes)
1689251904.778059 sending message 112 to peer 0x55a434b825e0 (8 bytes)
1689251904.778065 sending message 112 to peer 0x55a434b825e0 (13 bytes)
1689251904.778070 sending message 112 to peer 0x55a434b825e0 (13 bytes)
1689251904.778074 sending message 112 to peer 0x55a434b825e0 (13 bytes)
1689251904.778080 sending message 112 to peer 0x55a434b825e0 (13 bytes)
1689251904.778085 sending message 112 to peer 0x55a434b825e0 (13 bytes)
1689251904.778090 sending message 112 to peer 0x55a434b825e0 (13 bytes)
1689251904.778097 sending message 112 to peer 0x55a434b825e0 (13 bytes)
1689251904.778102 sending message 112 to peer 0x55a434b825e0 (12 bytes)
1689251904.778107 sending message 112 to peer 0x55a434b825e0 (12 bytes)
1689251904.778112 sending message 112 to peer 0x55a434b825e0 (12 bytes)
1689251904.778120 sending message 112 to peer 0x55a434b825e0 (8 bytes)
1689251904.778126 sending message 112 to peer 0x55a434b825e0 (12 bytes)
1689251904.778130 sending message 112 to peer 0x55a434b825e0 (13 bytes)
1689251904.778136 sending message 112 to peer 0x55a434b825e0 (13 bytes)
1689251904.778140 sending message 112 to peer 0x55a434b825e0 (13 bytes)
1689251904.778145 sending message 112 to peer 0x55a434b825e0 (13 bytes)
1689251904.778151 sending message 112 to peer 0x55a434b825e0 (13 bytes)
1689251904.778155 sending message 112 to peer 0x55a434b825e0 (13 bytes)
1689251904.778159 sending message 112 to peer 0x55a434b825e0 (13 bytes)
1689251904.778164 sending message 112 to peer 0x55a434b825e0 (13 bytes)
1689251904.778169 sending message 112 to peer 0x55a434b825e0 (12 bytes)
1689251904.778175 sending message 112 to peer 0x55a434b825e0 (10 bytes)
1689251904.778180 sending message 112 to peer 0x55a434b825e0 (12 bytes)
1689251904.778185 sending message 112 to peer 0x55a434b825e0 (12 bytes)
1689251904.778190 sending message 112 to peer 0x55a434b825e0 (12 bytes)
1689251904.778194 sending message 112 to peer 0x55a434b825e0 (13 bytes)
1689251904.778200 sending message 112 to peer 0x55a434b825e0 (13 bytes)
1689251904.778205 sending message 112 to peer 0x55a434b825e0 (13 bytes)
1689251904.778209 sending message 112 to peer 0x55a434b825e0 (13 bytes)
1689251904.778214 sending message 112 to peer 0x55a434b825e0 (13 bytes)
1689251904.778219 sending message 112 to peer 0x55a434b825e0 (13 bytes)
1689251904.778225 sending message 112 to peer 0x55a434b825e0 (13 bytes)
1689251904.778230 sending message 112 to peer 0x55a434b825e0 (10 bytes)
1689251904.778234 sending message 112 to peer 0x55a434b825e0 (13 bytes)
1689251904.778240 sending message 112 to peer 0x55a434b825e0 (12 bytes)
1689251904.778245 sending message 112 to peer 0x55a434b825e0 (12 bytes)
1689251904.778250 sending message 112 to peer 0x55a434b825e0 (12 bytes)
1689251904.778255 sending message 112 to peer 0x55a434b825e0 (10 bytes)
1689251904.778260 sending message 112 to peer 0x55a434b825e0 (10 bytes)
1689251904.778267 sending message 112 to peer 0x55a434b825e0 (10 bytes)
1689251904.778273 sending message 112 to peer 0x55a434b825e0 (12 bytes)
1689251904.778278 sending message 112 to peer 0x55a434b825e0 (13 bytes)
1689251904.778283 sending message 112 to peer 0x55a434b825e0 (13 bytes)
1689251904.778289 sending message 112 to peer 0x55a434b825e0 (13 bytes)
1689251904.778293 sending message 112 to peer 0x55a434b825e0 (13 bytes)
1689251904.778298 sending message 112 to peer 0x55a434b825e0 (13 bytes)
1689251904.778303 sending message 112 to peer 0x55a434b825e0 (10 bytes)
1689251904.778309 sending message 112 to peer 0x55a434b825e0 (11 bytes)
1689251904.778314 sending message 112 to peer 0x55a434b825e0 (12 bytes)
1689251904.778319 sending message 112 to peer 0x55a434b825e0 (12 bytes)
1689251904.778324 sending message 112 to peer 0x55a434b825e0 (12 bytes)
1689251904.778329 sending message 112 to peer 0x55a434b825e0 (12 bytes)
1689251904.778334 sending message 112 to peer 0x55a434b825e0 (12 bytes)
1689251904.778339 sending message 112 to peer 0x55a434b825e0 (11 bytes)
1689251904.778343 sending message 112 to peer 0x55a434b825e0 (12 bytes)
1689251904.778348 sending message 112 to peer 0x55a434b825e0 (12 bytes)
1689251904.778355 sending message 112 to peer 0x55a434b825e0 (13 bytes)
1689251904.778360 sending message 112 to peer 0x55a434b825e0 (13 bytes)
1689251904.778365 sending message 112 to peer 0x55a434b825e0 (13 bytes)
1689251904.778370 sending message 112 to peer 0x55a434b825e0 (13 bytes)
1689251904.778375 sending message 112 to peer 0x55a434b825e0 (13 bytes)
1689251904.778380 sending message 112 to peer 0x55a434b825e0 (10 bytes)
1689251904.778385 sending message 112 to peer 0x55a434b825e0 (9 bytes)
1689251904.778390 sending message 112 to peer 0x55a434b825e0 (12 bytes)
1689251904.778395 sending message 112 to peer 0x55a434b825e0 (13 bytes)
1689251904.778400 sending message 112 to peer 0x55a434b825e0 (13 bytes)
1689251904.778405 sending message 112 to peer 0x55a434b825e0 (13 bytes)
1689251904.778414 sending message 112 to peer 0x55a434b825e0 (13 bytes)
1689251904.778419 sending message 112 to peer 0x55a434b825e0 (13 bytes)
1689251904.778424 sending message 112 to peer 0x55a434b825e0 (9 bytes)
1689251904.778429 sending message 112 to peer 0x55a434b825e0 (12 bytes)
1689251904.778434 sending message 112 to peer 0x55a434b825e0 (13 bytes)
1689251904.778440 sending message 112 to peer 0x55a434b825e0 (13 bytes)
1689251904.778445 sending message 112 to peer 0x55a434b825e0 (13 bytes)
1689251904.778451 sending message 112 to peer 0x55a434b825e0 (13 bytes)
1689251904.778455 sending message 112 to peer 0x55a434b825e0 (13 bytes)
1689251904.778460 sending message 112 to peer 0x55a434b825e0 (11 bytes)
1689251904.778464 sending message 112 to peer 0x55a434b825e0 (12 bytes)
1689251904.778469 sending message 112 to peer 0x55a434b825e0 (13 bytes)
1689251904.778475 sending message 112 to peer 0x55a434b825e0 (13 bytes)
1689251904.778479 sending message 112 to peer 0x55a434b825e0 (13 bytes)
1689251904.778485 sending message 112 to peer 0x55a434b825e0 (13 bytes)
1689251904.778490 sending message 112 to peer 0x55a434b825e0 (13 bytes)
1689251904.778495 sending message 112 to peer 0x55a434b825e0 (11 bytes)
1689251904.778499 sending message 112 to peer 0x55a434b825e0 (12 bytes)
1689251904.778506 sending message 112 to peer 0x55a434b825e0 (12 bytes)
1689251904.778512 sending message 112 to peer 0x55a434b825e0 (12 bytes)
1689251904.778517 sending message 112 to peer 0x55a434b825e0 (12 bytes)
1689251904.778522 sending message 112 to peer 0x55a434b825e0 (12 bytes)
1689251904.778527 sending message 112 to peer 0x55a434b825e0 (21 bytes)
1689251904.778531 sending message 112 to peer 0x55a434b825e0 (12 bytes)
1689251904.778536 sending message 112 to peer 0x55a434b825e0 (9 bytes)
1689251904.778541 sending message 112 to peer 0x55a434b825e0 (6 bytes)
1689251904.778545 sending message 112 to peer 0x55a434b825e0 (13 bytes)
1689251904.778550 sending message 112 to peer 0x55a434b825e0 (10 bytes)
1689251904.778555 sending message 112 to peer 0x55a434b825e0 (24 bytes)
1689251904.778561 sending message 112 to peer 0x55a434b825e0 (13 bytes)
1689251904.778566 sending message 112 to peer 0x55a434b825e0 (9 bytes)
1689251904.778571 sending message 112 to peer 0x55a434b825e0 (70 bytes)
1689251904.778576 sending message 112 to peer 0x55a434b825e0 (69 bytes)
1689251904.778581 sending message 112 to peer 0x55a434b825e0 (12 bytes)
1689251904.778587 sending message 112 to peer 0x55a434b825e0 (10 bytes)
1689251904.778593 sending message 112 to peer 0x55a434b825e0 (10 bytes)
1689251904.778598 sending message 112 to peer 0x55a434b825e0 (24 bytes)
1689251904.778602 sending message 112 to peer 0x55a434b825e0 (13 bytes)
1689251904.778607 sending message 112 to peer 0x55a434b825e0 (10 bytes)
1689251904.778612 sending message 112 to peer 0x55a434b825e0 (10 bytes)
1689251904.778617 sending message 112 to peer 0x55a434b825e0 (10 bytes)
1689251904.778622 sending message 112 to peer 0x55a434b825e0 (13 bytes)
1689251904.778627 sending message 112 to peer 0x55a434b825e0 (15 bytes)
1689251904.778631 sending message 112 to peer 0x55a434b825e0 (5 bytes)
1689251904.778638 sending message 104 to peer 0x55a434b825e0 (0 bytes)
1689251904.778642 sending message 110 to peer 0x55a434b825e0 (0 bytes)
1689251904.778648 sending message 107 to peer 0x55a434b825e0 (4 bytes)
1689251904.778653 sending message 105 to peer 0x55a434b825e0 (15 bytes)
1689251904.778657 sending message 105 to peer 0x55a434b825e0 (32 bytes)
1689251904.778663 sending message 105 to peer 0x55a434b825e0 (98 bytes)
1689251904.778668 sending message 105 to peer 0x55a434b825e0 (18 bytes)
1689251904.778673 sending message 105 to peer 0x55a434b825e0 (19 bytes)
1689251904.778679 sending message 105 to peer 0x55a434b825e0 (20 bytes)
1689251904.778684 sending message 105 to peer 0x55a434b825e0 (33 bytes)
1689251904.778688 sending message 105 to peer 0x55a434b825e0 (8 bytes)
1689251904.778695 sending message 105 to peer 0x55a434b825e0 (23 bytes)
1689251904.778699 sending message 105 to peer 0x55a434b825e0 (44 bytes)
1689251904.778708 sending message 105 to peer 0x55a434b825e0 (18 bytes)
1689251904.778713 sending message 105 to peer 0x55a434b825e0 (23 bytes)
1689251904.778719 sending message 105 to peer 0x55a434b825e0 (32 bytes)
1689251904.778723 sending message 105 to peer 0x55a434b825e0 (20 bytes)
1689251904.778728 sending message 105 to peer 0x55a434b825e0 (41 bytes)
1689251904.778732 sending message 105 to peer 0x55a434b825e0 (50 bytes)
1689251904.778737 sending message 105 to peer 0x55a434b825e0 (20 bytes)
1689251904.778743 sending message 105 to peer 0x55a434b825e0 (23 bytes)
1689251904.778747 sending message 105 to peer 0x55a434b825e0 (24 bytes)
1689251904.778753 sending message 105 to peer 0x55a434b825e0 (28 bytes)
1689251904.778759 sending message 105 to peer 0x55a434b825e0 (19 bytes)
1689251904.778763 sending message 105 to peer 0x55a434b825e0 (27 bytes)
1689251904.778784 sending message 105 to peer 0x55a434b825e0 (17 bytes)
1689251904.778789 sending message 105 to peer 0x55a434b825e0 (25 bytes)
1689251904.778794 sending message 105 to peer 0x55a434b825e0 (22 bytes)
1689251904.778799 sending message 105 to peer 0x55a434b825e0 (54 bytes)
1689251904.778804 sending message 105 to peer 0x55a434b825e0 (20 bytes)
1689251904.778809 sending message 105 to peer 0x55a434b825e0 (18 bytes)
1689251904.778813 sending message 105 to peer 0x55a434b825e0 (21 bytes)
1689251904.778818 sending message 105 to peer 0x55a434b825e0 (17 bytes)
1689251904.778824 sending message 105 to peer 0x55a434b825e0 (1519 bytes)
1689251904.778839 sending message 105 to peer 0x55a434b825e0 (33 bytes)
1689251904.778845 sending message 105 to peer 0x55a434b825e0 (28 bytes)
1689251904.778850 sending message 105 to peer 0x55a434b825e0 (26 bytes)
1689251904.778856 sending message 105 to peer 0x55a434b825e0 (33 bytes)
1689251904.778862 sending message 105 to peer 0x55a434b825e0 (13 bytes)
1689251904.778867 sending message 105 to peer 0x55a434b825e0 (34 bytes)
1689251904.778872 sending message 105 to peer 0x55a434b825e0 (47 bytes)
1689251904.778878 sending message 105 to peer 0x55a434b825e0 (23 bytes)
1689251904.778883 sending message 105 to peer 0x55a434b825e0 (15 bytes)
1689251904.778889 sending message 105 to peer 0x55a434b825e0 (23 bytes)
1689251904.778894 sending message 105 to peer 0x55a434b825e0 (34 bytes)
1689251904.778899 sending message 105 to peer 0x55a434b825e0 (23 bytes)
1689251904.778905 sending message 105 to peer 0x55a434b825e0 (20 bytes)
1689251904.778909 sending message 105 to peer 0x55a434b825e0 (30 bytes)
1689251904.778915 sending message 105 to peer 0x55a434b825e0 (30 bytes)
1689251904.778920 sending message 105 to peer 0x55a434b825e0 (32 bytes)
1689251904.778925 sending message 105 to peer 0x55a434b825e0 (14 bytes)
1689251904.778930 sending message 105 to peer 0x55a434b825e0 (15 bytes)
1689251904.778935 sending message 105 to peer 0x55a434b825e0 (11 bytes)
1689251904.778940 sending message 105 to peer 0x55a434b825e0 (8 bytes)
1689251904.778946 sending message 105 to peer 0x55a434b825e0 (11 bytes)
1689251904.778950 sending message 105 to peer 0x55a434b825e0 (25 bytes)
1689251904.778955 sending message 105 to peer 0x55a434b825e0 (18 bytes)
1689251904.778959 sending message 105 to peer 0x55a434b825e0 (27 bytes)
1689251904.778964 sending message 105 to peer 0x55a434b825e0 (13 bytes)
1689251904.778970 sending message 105 to peer 0x55a434b825e0 (33 bytes)
1689251904.778975 sending message 105 to peer 0x55a434b825e0 (31 bytes)
1689251904.778980 sending message 105 to peer 0x55a434b825e0 (20 bytes)
1689251904.778984 sending message 105 to peer 0x55a434b825e0 (22 bytes)
1689251904.778990 sending message 105 to peer 0x55a434b825e0 (34 bytes)
1689251904.778995 sending message 105 to peer 0x55a434b825e0 (104 bytes)
1689251904.779001 sending message 105 to peer 0x55a434b825e0 (18 bytes)
1689251904.779007 sending message 105 to peer 0x55a434b825e0 (54 bytes)
1689251904.779013 sending message 105 to peer 0x55a434b825e0 (35 bytes)
1689251904.779027 sending message 105 to peer 0x55a434b825e0 (23 bytes)
1689251904.779033 sending message 105 to peer 0x55a434b825e0 (22 bytes)
1689251904.779040 sending message 105 to peer 0x55a434b825e0 (31 bytes)
1689251904.779046 sending message 105 to peer 0x55a434b825e0 (16 bytes)
1689251904.779051 sending message 106 to peer 0x55a434b825e0 (0 bytes)
1689251904.779060 sending message 200 to peer 0x55a434b825e0 (4 bytes)
1689251904.779065 client loop enter
1689251904.779091 client_signal: Child exited
1689251904.844176 peer 0x55a434b825e0 message 207
1689251904.844194 sending message 208 to peer 0x55a434b825e0 (0 bytes)
1689251912.380734 peer 0x55a434b825e0 message 203
1689251912.380766 sending message 205 to peer 0x55a434b825e0 (0 bytes)
1689251912.381041 peer 0x55a434b825e0 message 204
1689251912.381066 client loop exit
